TN:
SF:src\config\plugins\yargs.plugin.ts
FNF:0
FNH:0
DA:1,1
DA:2,1
DA:3,1
DA:4,1
DA:5,1
DA:6,1
DA:7,1
DA:8,1
DA:9,1
DA:10,1
DA:11,1
DA:12,1
DA:13,1
DA:14,1
DA:15,1
DA:16,1
DA:17,1
DA:18,1
DA:19,1
DA:20,1
DA:21,1
DA:22,1
DA:23,1
DA:24,1
DA:25,1
DA:26,1
DA:27,1
DA:28,1
DA:29,1
DA:30,1
DA:31,1
DA:32,1
DA:33,1
DA:34,1
DA:35,1
DA:36,1
DA:37,1
DA:38,1
DA:39,1
DA:40,1
DA:41,1
DA:42,1
DA:43,1
DA:44,1
DA:45,1
DA:46,1
DA:47,1
DA:48,1
DA:49,1
DA:50,2
DA:51,2
DA:52,2
DA:53,2
DA:54,2
DA:55,2
DA:56,1
LF:56
LH:56
BRDA:49,0,0,2
BRDA:51,1,0,0
BRDA:53,2,0,0
BRF:3
BRH:1
end_of_record
TN:
SF:src\domain\use-cases\create-table.use-case.ts
FN:11,CreateTable
FN:17,execute
FNF:2
FNH:2
FNDA:2,CreateTable
FNDA:2,execute
DA:1,1
DA:2,1
DA:3,1
DA:4,1
DA:5,1
DA:6,1
DA:7,1
DA:8,1
DA:9,1
DA:10,1
DA:11,1
DA:12,2
DA:13,2
DA:14,2
DA:15,2
DA:16,1
DA:17,1
DA:18,2
DA:19,2
DA:20,2
DA:21,2
DA:22,2
DA:23,2
DA:24,2
DA:25,2
DA:26,40
DA:27,40
DA:28,40
DA:29,2
DA:30,2
DA:31,2
DA:32,2
DA:33,1
LF:33
LH:33
BRDA:11,0,0,2
BRDA:17,1,0,2
BRDA:22,2,0,40
BRDA:25,3,0,40
BRDA:28,4,0,38
BRF:5
BRH:5
end_of_record
TN:
SF:src\domain\use-cases\save-file.use-case.ts
FN:14,Savefile
FN:15,execute
FN:27,hasWrite
FNF:3
FNH:3
FNDA:1,Savefile
FNDA:5,execute
FNDA:4,hasWrite
DA:1,1
DA:2,1
DA:3,1
DA:4,1
DA:5,1
DA:6,1
DA:7,1
DA:8,1
DA:9,1
DA:10,1
DA:11,1
DA:12,1
DA:13,1
DA:14,1
DA:15,1
DA:16,5
DA:17,5
DA:18,5
DA:19,5
DA:20,5
DA:21,5
DA:22,4
DA:23,4
DA:24,4
DA:25,4
DA:26,4
DA:27,4
DA:28,4
DA:29,3
DA:30,3
DA:31,4
DA:32,4
DA:33,2
DA:34,2
DA:35,5
DA:36,3
DA:37,3
DA:38,3
DA:39,5
DA:40,1
LF:40
LH:40
BRDA:14,0,0,1
BRDA:15,1,0,5
BRDA:15,2,0,5
BRDA:21,3,0,4
BRDA:33,4,0,2
BRDA:35,5,0,3
BRDA:27,6,0,4
BRDA:28,7,0,3
BRDA:29,8,0,1
BRF:9
BRH:9
end_of_record
